<?xml version="1.0" encoding="UTF-8"?>
<testng-results ignored="0" total="1" passed="1" failed="0" skipped="0">
  <reporter-output>
  </reporter-output>
  <suite started-at="2024-10-03T17:20:39 IST" name="Default suite" finished-at="2024-10-03T17:20:53 IST" duration-ms="13066">
    <groups>
    </groups>
    <test started-at="2024-10-03T17:20:39 IST" name="Default test" finished-at="2024-10-03T17:20:53 IST" duration-ms="13066">
      <class name="ExecuteSteps.Execute">
        <test-method is-config="true" signature="BC()[pri:0, instance:ExecuteSteps.Execute@4567f35d]" started-at="2024-10-03T17:20:39 IST" name="BC" finished-at="2024-10-03T17:20:44 IST" duration-ms="4122" status="PASS">
          <reporter-output>
          </reporter-output>
        </test-method> <!-- BC -->
        <test-method signature="Running()[pri:0, instance:ExecuteSteps.Execute@4567f35d]" started-at="2024-10-03T17:20:44 IST" name="Running" finished-at="2024-10-03T17:20:52 IST" duration-ms="8881" status="PASS">
          <reporter-output>
          </reporter-output>
        </test-method> <!-- Running -->
      </class> <!-- ExecuteSteps.Execute -->
    </test> <!-- Default test -->
  </suite> <!-- Default suite -->
</testng-results>
